Started GET "/" for ::1 at 2022-02-11 16:49:16 +0100
  [1m[35m (1.4ms)[0m  [1m[34mSELECT sqlite_version(*)[0m
Processing by Rails::WelcomeController#index as HTML
  Rendering /var/lib/gems/2.7.0/gems/railties-7.0.2/lib/rails/templates/rails/welcome/index.html.erb
  Rendered /var/lib/gems/2.7.0/gems/railties-7.0.2/lib/rails/templates/rails/welcome/index.html.erb (Duration: 10.8ms | Allocations: 678)
Completed 200 OK in 33ms (Views: 16.3ms | ActiveRecord: 0.0ms | Allocations: 6482)


Started GET "/" for ::1 at 2022-02-12 12:11:29 +0100
  [1m[35m (10.5ms)[0m  [1m[34mSELECT sqlite_version(*)[0m
Processing by Rails::WelcomeController#index as HTML
  Rendering /var/lib/gems/2.7.0/gems/railties-7.0.2/lib/rails/templates/rails/welcome/index.html.erb
  Rendered /var/lib/gems/2.7.0/gems/railties-7.0.2/lib/rails/templates/rails/welcome/index.html.erb (Duration: 19.1ms | Allocations: 566)
Completed 200 OK in 96ms (Views: 41.1ms | ActiveRecord: 0.0ms | Allocations: 5129)


Started GET "/a" for ::1 at 2022-02-12 12:11:35 +0100
  
ActionController::RoutingError (No route matches [GET] "/a"):
  
Started GET "/home" for ::1 at 2022-02-12 12:11:47 +0100
  
ActionController::RoutingError (No route matches [GET] "/home"):
  
Started GET "/articles" for ::1 at 2022-02-12 12:16:07 +0100
Processing by ArticlesController#index as HTML
  Rendering layout layouts/application.html.erb
  Rendering articles/index.html.erb within layouts/application
  Rendered articles/index.html.erb within layouts/application (Duration: 0.8ms | Allocations: 121)
  Rendered layout layouts/application.html.erb (Duration: 899.3ms | Allocations: 94620)
Completed 200 OK in 903ms (Views: 901.2ms | Allocations: 95572)


